<?xml version="1.0" encoding="UTF-8"?>
<!-- Generated by org.testng.reporters.JUnitReportReporter -->
<testsuite skipped="0" hostname="SuryaPC" name="in.srssprojects.keximbank.BasicExecution" tests="3" failures="0" timestamp="03 May 2019 02:45:49 GMT" time="9.993" errors="0">
  <testcase name="login" time="3.811" classname="in.srssprojects.keximbank.BasicExecution"/>
  <testcase name="branchCreationWithBlankData" time="2.783" classname="in.srssprojects.keximbank.BasicExecution"/>
  <testcase name="branchCreationReset" time="3.399" classname="in.srssprojects.keximbank.BasicExecution"/>
</testsuite> <!-- in.srssprojects.keximbank.BasicExecution -->
