<?xml version="1.0" encoding="UTF-8"?>
<!-- Generated by org.testng.reporters.JUnitReportReporter -->
<testsuite skipped="0" hostname="SuryaPC" name="in.srssprojects.keximbank.BasicExecution" tests="1" failures="0" timestamp="22 Apr 2019 02:41:24 GMT" time="3.129" errors="0">
  <testcase name="login" time="3.129" classname="in.srssprojects.keximbank.BasicExecution"/>
</testsuite> <!-- in.srssprojects.keximbank.BasicExecution -->
