<?xml version="1.0" encoding="UTF-8"?>
<!-- Generated by org.testng.reporters.JUnitReportReporter -->
<testsuite skipped="0" hostname="SuryaPC" name="in.srssprojects.keximbank.BasicExecution" tests="7" failures="0" timestamp="24 Apr 2019 02:41:37 GMT" time="18.440" errors="0">
  <testcase name="login" time="2.921" classname="in.srssprojects.keximbank.BasicExecution"/>
  <testcase name="branchCreationWithBlankData" time="1.750" classname="in.srssprojects.keximbank.BasicExecution"/>
  <testcase name="branchCreationReset" time="3.142" classname="in.srssprojects.keximbank.BasicExecution"/>
  <testcase name="roleCreationWithBlankDate" time="1.624" classname="in.srssprojects.keximbank.BasicExecution"/>
  <testcase name="roleCreationReset" time="1.904" classname="in.srssprojects.keximbank.BasicExecution"/>
  <testcase name="employeeCreationWithBlandkData" time="3.493" classname="in.srssprojects.keximbank.BasicExecution"/>
  <testcase name="employeeCreationReset" time="3.606" classname="in.srssprojects.keximbank.BasicExecution"/>
</testsuite> <!-- in.srssprojects.keximbank.BasicExecution -->
