<?xml version="1.0" encoding="UTF-8"?>
<!-- Generated by org.testng.reporters.JUnitReportReporter -->
<testsuite skipped="0" hostname="SuryaPC" name="in.srssprojects.keximbank.GridExecution" tests="4" failures="0" timestamp="29 Apr 2019 02:04:42 GMT" time="18.610" errors="0">
  <testcase name="login" time="3.769" classname="in.srssprojects.keximbank.GridExecution"/>
  <testcase name="branchCreationReset" time="5.411" classname="in.srssprojects.keximbank.GridExecution"/>
  <testcase name="roleCreationReset" time="2.414" classname="in.srssprojects.keximbank.GridExecution"/>
  <testcase name="employeeCreationReset" time="7.016" classname="in.srssprojects.keximbank.GridExecution"/>
</testsuite> <!-- in.srssprojects.keximbank.GridExecution -->
